  main.cpp
  mesh.cpp
c:\users\yi\desktop\tud\3d_animation\practical_3\matrix.h(35): warning C4244: '+=': conversion from 'GLdouble' to 'GLfloat', possible loss of data (compiling source file ..\main.cpp)
c:\users\yi\desktop\tud\3d_animation\practical_3\matrix.h(45): warning C4244: '+=': conversion from 'GLdouble' to 'GLfloat', possible loss of data (compiling source file ..\main.cpp)
c:\users\yi\desktop\tud\3d_animation\practical_3\matrix.h(47): warning C4244: '=': conversion from 'const GLdouble' to 'GLfloat', possible loss of data (compiling source file ..\main.cpp)
c:\users\yi\desktop\tud\3d_animation\practical_3\trackball.h(15): warning C4305: 'initializing': truncation from 'double' to 'float' (compiling source file ..\main.cpp)
c:\users\yi\desktop\tud\3d_animation\practical_3\trackball.h(119): warning C4244: 'argument': conversion from 'double' to 'GLfloat', possible loss of data (compiling source file ..\main.cpp)
c:\users\yi\desktop\tud\3d_animation\practical_3\trackball.h(142): warning C4244: 'argument': conversion from 'double' to 'GLfloat', possible loss of data (compiling source file ..\main.cpp)
c:\users\yi\desktop\tud\3d_animation\practical_3\trackball.h(174): warning C4244: 'argument': conversion from 'double' to 'GLfloat', possible loss of data (compiling source file ..\main.cpp)
c:\users\yi\desktop\tud\3d_animation\practical_3\trackball.h(230): warning C4244: 'argument': conversion from 'double' to 'T', possible loss of data
          with
          [
              T=float
          ] (compiling source file ..\main.cpp)
c:\users\yi\desktop\tud\3d_animation\practical_3\mesh.cpp(22): warning C4244: 'argument': conversion from 'unsigned __int64' to 'T', possible loss of data
          with
          [
              T=float
          ]
c:\users\yi\desktop\tud\3d_animation\practical_3\mesh.cpp(31): warning C4305: '+=': truncation from 'double' to 'float'
c:\users\yi\desktop\tud\3d_animation\practical_3\mesh.cpp(34): warning C4244: '=': conversion from 'double' to 'float', possible loss of data
c:\users\yi\desktop\tud\3d_animation\practical_3\mesh.cpp(71): warning C4244: 'argument': conversion from 'unsigned __int64' to 'T', possible loss of data
          with
          [
              T=float
          ]
c:\users\yi\desktop\tud\3d_animation\practical_3\yourcode.h(15): warning C4305: 'initializing': truncation from 'double' to 'float' (compiling source file ..\main.cpp)
c:\users\yi\desktop\tud\3d_animation\practical_3\yourcode.h(43): warning C4305: '-=': truncation from 'double' to 'float' (compiling source file ..\main.cpp)
c:\users\yi\desktop\tud\3d_animation\practical_3\yourcode.h(46): warning C4305: '+=': truncation from 'double' to 'float' (compiling source file ..\main.cpp)
c:\users\yi\desktop\tud\3d_animation\practical_3\main.cpp(27): warning C4305: 'initializing': truncation from 'double' to 'float'
c:\users\yi\desktop\tud\3d_animation\practical_3\main.cpp(197): warning C4267: '=': conversion from 'size_t' to 'int', possible loss of data
  Assignment.vcxproj -> C:\Users\YI\Desktop\TUD\3D_Animation\Practical_3\build\..\bin\Assignment-debug-x64-msc.exe
